Optimize a model with 1102 rows, 17955 columns and 52453 nonzeros
Variable types: 0 continuous, 17955 integer (17955 binary)
Coefficient statistics:
  Matrix range     [1e+00, 1e+00]
  Objective range  [1e+00, 1e+03]
  Bounds range     [1e+00, 1e+00]
  RHS range        [1e+00, 1e+00]
Presolve removed 300 rows and 3622 columns
Presolve time: 0.21s
Presolved: 802 rows, 14333 columns, 42306 nonzeros
Variable types: 0 continuous, 14333 integer (14333 binary)

Root relaxation: objective -1.297000e+03, 864 iterations, 0.07 seconds

    Nodes    |    Current Node    |     Objective Bounds      |     Work
 Expl Unexpl |  Obj  Depth IntInf | Incumbent    BestBd   Gap | It/Node Time

     0     0 -1297.0000    0    6          - -1297.0000      -     -    0s
     0     0 -1296.5000    0    9          - -1296.5000      -     -    0s
     0     0 -796.33333    0   30          - -796.33333      -     -    0s
     0     0 -796.00000    0   27          - -796.00000      -     -    1s
     0     0 -330.00000    0   41          - -330.00000      -     -    1s
     0     0 -329.33333    0   43          - -329.33333      -     -    1s
     0     0  -96.00000    0   39          -  -96.00000      -     -    1s
     0     0  -96.00000    0   27          -  -96.00000      -     -    2s
H    0     0                     -94.0000000  -96.00000  2.13%     -    2s
H    0     0                     -95.0000000  -96.00000  1.05%     -    2s

Cutting planes:
  Clique: 1
  MIR: 1
  Zero half: 8

Explored 1 nodes (12641 simplex iterations) in 2.97 seconds
Thread count was 4 (of 4 available processors)

Solution count 2: -95 -94 

Optimal solution found (tolerance 1.00e-04)
Best objective -9.500000000000e+01, best bound -9.500000000000e+01, gap 0.0000%
Optimize a model with 1096 rows, 17955 columns and 43714 nonzeros
Variable types: 0 continuous, 17955 integer (17955 binary)
Coefficient statistics:
  Matrix range     [1e+00, 1e+00]
  Objective range  [1e+00, 1e+03]
  Bounds range     [1e+00, 1e+00]
  RHS range        [1e+00, 1e+00]
Presolve removed 301 rows and 3010 columns
Presolve time: 0.23s
Presolved: 795 rows, 14945 columns, 36548 nonzeros
Variable types: 0 continuous, 14945 integer (14945 binary)
Found heuristic solution: objective -1093.000000

Root relaxation: objective -1.797000e+03, 1894 iterations, 0.07 seconds

    Nodes    |    Current Node    |     Objective Bounds      |     Work
 Expl Unexpl |  Obj  Depth IntInf | Incumbent    BestBd   Gap | It/Node Time

*    0     0               0    -1797.000000 -1797.0000  0.00%     -    0s

Explored 0 nodes (1894 simplex iterations) in 0.37 seconds
Thread count was 4 (of 4 available processors)

Solution count 2: -1797 -1093 

Optimal solution found (tolerance 1.00e-04)
Best objective -1.797000000000e+03, best bound -1.797000000000e+03, gap 0.0000%
Optimize a model with 1097 rows, 17955 columns and 45018 nonzeros
Variable types: 0 continuous, 17955 integer (17955 binary)
Coefficient statistics:
  Matrix range     [1e+00, 1e+00]
  Objective range  [1e+00, 1e+03]
  Bounds range     [1e+00, 1e+00]
  RHS range        [1e+00, 1e+00]
Presolve removed 300 rows and 3051 columns
Presolve time: 0.14s
Presolved: 797 rows, 14904 columns, 37563 nonzeros
Variable types: 0 continuous, 14904 integer (14904 binary)

Root relaxation: objective -1.697000e+03, 1716 iterations, 0.06 seconds

    Nodes    |    Current Node    |     Objective Bounds      |     Work
 Expl Unexpl |  Obj  Depth IntInf | Incumbent    BestBd   Gap | It/Node Time

*    0     0               0    -1697.000000 -1697.0000  0.00%     -    0s

Explored 0 nodes (1716 simplex iterations) in 0.26 seconds
Thread count was 4 (of 4 available processors)

Solution count 1: -1697 

Optimal solution found (tolerance 1.00e-04)
Best objective -1.697000000000e+03, best bound -1.697000000000e+03, gap 0.0000%
Optimize a model with 1098 rows, 17955 columns and 46466 nonzeros
Variable types: 0 continuous, 17955 integer (17955 binary)
Coefficient statistics:
  Matrix range     [1e+00, 1e+00]
  Objective range  [1e+00, 1e+03]
  Bounds range     [1e+00, 1e+00]
  RHS range        [1e+00, 1e+00]
Presolve removed 300 rows and 3171 columns
Presolve time: 0.15s
Presolved: 798 rows, 14784 columns, 38499 nonzeros
Variable types: 0 continuous, 14784 integer (14784 binary)

Root relaxation: objective -1.596000e+03, 2042 iterations, 0.10 seconds

    Nodes    |    Current Node    |     Objective Bounds      |     Work
 Expl Unexpl |  Obj  Depth IntInf | Incumbent    BestBd   Gap | It/Node Time

*    0     0               0    -1596.000000 -1596.0000  0.00%     -    0s

Explored 0 nodes (2042 simplex iterations) in 0.30 seconds
Thread count was 4 (of 4 available processors)

Solution count 1: -1596 

Optimal solution found (tolerance 1.00e-04)
Best objective -1.596000000000e+03, best bound -1.596000000000e+03, gap 0.0000%
Optimize a model with 1099 rows, 17955 columns and 47965 nonzeros
Variable types: 0 continuous, 17955 integer (17955 binary)
Coefficient statistics:
  Matrix range     [1e+00, 1e+00]
  Objective range  [1e+00, 1e+03]
  Bounds range     [1e+00, 1e+00]
  RHS range        [1e+00, 1e+00]
Presolve removed 298 rows and 3152 columns
Presolve time: 0.17s
Presolved: 801 rows, 14803 columns, 39884 nonzeros
Variable types: 0 continuous, 14803 integer (14803 binary)

Root relaxation: objective -1.596000e+03, 2034 iterations, 0.09 seconds

    Nodes    |    Current Node    |     Objective Bounds      |     Work
 Expl Unexpl |  Obj  Depth IntInf | Incumbent    BestBd   Gap | It/Node Time

*    0     0               0    -1596.000000 -1596.0000  0.00%     -    0s

Explored 0 nodes (4188 simplex iterations) in 0.35 seconds
Thread count was 4 (of 4 available processors)

Solution count 1: -1596 

Optimal solution found (tolerance 1.00e-04)
Best objective -1.596000000000e+03, best bound -1.596000000000e+03, gap 0.0000%

Gurobi 8.0.1 (win64, Python) logging started 07/29/19 09:37:29

Academic license - for non-commercial use only
Optimize a model with 1102 rows, 17955 columns and 52453 nonzeros
Variable types: 0 continuous, 17955 integer (17955 binary)
Coefficient statistics:
  Matrix range     [1e+00, 1e+00]
  Objective range  [1e+00, 1e+03]
  Bounds range     [1e+00, 1e+00]
  RHS range        [1e+00, 1e+00]
Presolve removed 300 rows and 3622 columns
Presolve time: 0.26s
Presolved: 802 rows, 14333 columns, 42306 nonzeros
Variable types: 0 continuous, 14333 integer (14333 binary)

Root relaxation: objective -1.297000e+03, 864 iterations, 0.07 seconds

    Nodes    |    Current Node    |     Objective Bounds      |     Work
 Expl Unexpl |  Obj  Depth IntInf | Incumbent    BestBd   Gap | It/Node Time

     0     0 -1297.0000    0    6          - -1297.0000      -     -    0s
     0     0 -1296.5000    0    9          - -1296.5000      -     -    0s
     0     0 -796.33333    0   30          - -796.33333      -     -    1s
     0     0 -796.00000    0   27          - -796.00000      -     -    1s
     0     0 -330.00000    0   41          - -330.00000      -     -    1s
     0     0 -329.33333    0   43          - -329.33333      -     -    1s
     0     0  -96.00000    0   39          -  -96.00000      -     -    2s
     0     0  -96.00000    0   27          -  -96.00000      -     -    2s
H    0     0                     -94.0000000  -96.00000  2.13%     -    3s
H    0     0                     -95.0000000  -96.00000  1.05%     -    3s

Cutting planes:
  Clique: 1
  MIR: 1
  Zero half: 8

Explored 1 nodes (12641 simplex iterations) in 3.23 seconds
Thread count was 4 (of 4 available processors)

Solution count 2: -95 -94 

Optimal solution found (tolerance 1.00e-04)
Best objective -9.500000000000e+01, best bound -9.500000000000e+01, gap 0.0000%
Optimize a model with 1096 rows, 17955 columns and 43714 nonzeros
Variable types: 0 continuous, 17955 integer (17955 binary)
Coefficient statistics:
  Matrix range     [1e+00, 1e+00]
  Objective range  [1e+00, 1e+03]
  Bounds range     [1e+00, 1e+00]
  RHS range        [1e+00, 1e+00]
Presolve removed 301 rows and 3010 columns
Presolve time: 0.15s
Presolved: 795 rows, 14945 columns, 36548 nonzeros
Variable types: 0 continuous, 14945 integer (14945 binary)
Found heuristic solution: objective -1093.000000

Root relaxation: objective -1.797000e+03, 1894 iterations, 0.07 seconds

    Nodes    |    Current Node    |     Objective Bounds      |     Work
 Expl Unexpl |  Obj  Depth IntInf | Incumbent    BestBd   Gap | It/Node Time

*    0     0               0    -1797.000000 -1797.0000  0.00%     -    0s

Explored 0 nodes (1894 simplex iterations) in 0.27 seconds
Thread count was 4 (of 4 available processors)

Solution count 2: -1797 -1093 

Optimal solution found (tolerance 1.00e-04)
Best objective -1.797000000000e+03, best bound -1.797000000000e+03, gap 0.0000%
Optimize a model with 1097 rows, 17955 columns and 45018 nonzeros
Variable types: 0 continuous, 17955 integer (17955 binary)
Coefficient statistics:
  Matrix range     [1e+00, 1e+00]
  Objective range  [1e+00, 1e+03]
  Bounds range     [1e+00, 1e+00]
  RHS range        [1e+00, 1e+00]
Presolve removed 300 rows and 3051 columns
Presolve time: 0.14s
Presolved: 797 rows, 14904 columns, 37563 nonzeros
Variable types: 0 continuous, 14904 integer (14904 binary)

Root relaxation: objective -1.697000e+03, 1716 iterations, 0.06 seconds

    Nodes    |    Current Node    |     Objective Bounds      |     Work
 Expl Unexpl |  Obj  Depth IntInf | Incumbent    BestBd   Gap | It/Node Time

*    0     0               0    -1697.000000 -1697.0000  0.00%     -    0s

Explored 0 nodes (1716 simplex iterations) in 0.26 seconds
Thread count was 4 (of 4 available processors)

Solution count 1: -1697 

Optimal solution found (tolerance 1.00e-04)
Best objective -1.697000000000e+03, best bound -1.697000000000e+03, gap 0.0000%
Optimize a model with 1098 rows, 17955 columns and 46466 nonzeros
Variable types: 0 continuous, 17955 integer (17955 binary)
Coefficient statistics:
  Matrix range     [1e+00, 1e+00]
  Objective range  [1e+00, 1e+03]
  Bounds range     [1e+00, 1e+00]
  RHS range        [1e+00, 1e+00]
Presolve removed 300 rows and 3171 columns
Presolve time: 0.16s
Presolved: 798 rows, 14784 columns, 38499 nonzeros
Variable types: 0 continuous, 14784 integer (14784 binary)

Root relaxation: objective -1.596000e+03, 2042 iterations, 0.08 seconds

    Nodes    |    Current Node    |     Objective Bounds      |     Work
 Expl Unexpl |  Obj  Depth IntInf | Incumbent    BestBd   Gap | It/Node Time

*    0     0               0    -1596.000000 -1596.0000  0.00%     -    0s

Explored 0 nodes (2042 simplex iterations) in 0.29 seconds
Thread count was 4 (of 4 available processors)

Solution count 1: -1596 

Optimal solution found (tolerance 1.00e-04)
Best objective -1.596000000000e+03, best bound -1.596000000000e+03, gap 0.0000%
Optimize a model with 1099 rows, 17955 columns and 47965 nonzeros
Variable types: 0 continuous, 17955 integer (17955 binary)
Coefficient statistics:
  Matrix range     [1e+00, 1e+00]
  Objective range  [1e+00, 1e+03]
  Bounds range     [1e+00, 1e+00]
  RHS range        [1e+00, 1e+00]
Presolve removed 298 rows and 3152 columns
Presolve time: 0.17s
Presolved: 801 rows, 14803 columns, 39884 nonzeros
Variable types: 0 continuous, 14803 integer (14803 binary)

Root relaxation: objective -1.596000e+03, 2034 iterations, 0.08 seconds

    Nodes    |    Current Node    |     Objective Bounds      |     Work
 Expl Unexpl |  Obj  Depth IntInf | Incumbent    BestBd   Gap | It/Node Time

*    0     0               0    -1596.000000 -1596.0000  0.00%     -    0s

Explored 0 nodes (4188 simplex iterations) in 0.35 seconds
Thread count was 4 (of 4 available processors)

Solution count 1: -1596 

Optimal solution found (tolerance 1.00e-04)
Best objective -1.596000000000e+03, best bound -1.596000000000e+03, gap 0.0000%

Gurobi 8.0.1 (win64, Python) logging started 07/29/19 09:45:37

Academic license - for non-commercial use only
Optimize a model with 1102 rows, 17955 columns and 52453 nonzeros
Variable types: 0 continuous, 17955 integer (17955 binary)
Coefficient statistics:
  Matrix range     [1e+00, 1e+00]
  Objective range  [1e+00, 1e+03]
  Bounds range     [1e+00, 1e+00]
  RHS range        [1e+00, 1e+00]
Presolve removed 300 rows and 3622 columns
Presolve time: 0.21s
Presolved: 802 rows, 14333 columns, 42306 nonzeros
Variable types: 0 continuous, 14333 integer (14333 binary)

Root relaxation: objective -1.297000e+03, 864 iterations, 0.07 seconds

    Nodes    |    Current Node    |     Objective Bounds      |     Work
 Expl Unexpl |  Obj  Depth IntInf | Incumbent    BestBd   Gap | It/Node Time

     0     0 -1297.0000    0    6          - -1297.0000      -     -    0s
     0     0 -1296.5000    0    9          - -1296.5000      -     -    0s
     0     0 -796.33333    0   30          - -796.33333      -     -    0s
     0     0 -796.00000    0   27          - -796.00000      -     -    0s
     0     0 -330.00000    0   41          - -330.00000      -     -    1s
     0     0 -329.33333    0   43          - -329.33333      -     -    1s
     0     0  -96.00000    0   39          -  -96.00000      -     -    2s
     0     0  -96.00000    0   27          -  -96.00000      -     -    2s
H    0     0                     -94.0000000  -96.00000  2.13%     -    2s
H    0     0                     -95.0000000  -96.00000  1.05%     -    2s

Cutting planes:
  Clique: 1
  MIR: 1
  Zero half: 8

Explored 1 nodes (12641 simplex iterations) in 3.03 seconds
Thread count was 4 (of 4 available processors)

Solution count 2: -95 -94 

Optimal solution found (tolerance 1.00e-04)
Best objective -9.500000000000e+01, best bound -9.500000000000e+01, gap 0.0000%
Optimize a model with 1096 rows, 17955 columns and 43714 nonzeros
Variable types: 0 continuous, 17955 integer (17955 binary)
Coefficient statistics:
  Matrix range     [1e+00, 1e+00]
  Objective range  [1e+00, 1e+03]
  Bounds range     [1e+00, 1e+00]
  RHS range        [1e+00, 1e+00]
Presolve removed 301 rows and 3010 columns
Presolve time: 0.14s
Presolved: 795 rows, 14945 columns, 36548 nonzeros
Variable types: 0 continuous, 14945 integer (14945 binary)
Found heuristic solution: objective -1093.000000

Root relaxation: objective -1.797000e+03, 1894 iterations, 0.07 seconds

    Nodes    |    Current Node    |     Objective Bounds      |     Work
 Expl Unexpl |  Obj  Depth IntInf | Incumbent    BestBd   Gap | It/Node Time

*    0     0               0    -1797.000000 -1797.0000  0.00%     -    0s

Explored 0 nodes (1894 simplex iterations) in 0.26 seconds
Thread count was 4 (of 4 available processors)

Solution count 2: -1797 -1093 

Optimal solution found (tolerance 1.00e-04)
Best objective -1.797000000000e+03, best bound -1.797000000000e+03, gap 0.0000%
Optimize a model with 1097 rows, 17955 columns and 45018 nonzeros
Variable types: 0 continuous, 17955 integer (17955 binary)
Coefficient statistics:
  Matrix range     [1e+00, 1e+00]
  Objective range  [1e+00, 1e+03]
  Bounds range     [1e+00, 1e+00]
  RHS range        [1e+00, 1e+00]
Presolve removed 300 rows and 3051 columns
Presolve time: 0.14s
Presolved: 797 rows, 14904 columns, 37563 nonzeros
Variable types: 0 continuous, 14904 integer (14904 binary)

Root relaxation: objective -1.697000e+03, 1716 iterations, 0.06 seconds

    Nodes    |    Current Node    |     Objective Bounds      |     Work
 Expl Unexpl |  Obj  Depth IntInf | Incumbent    BestBd   Gap | It/Node Time

*    0     0               0    -1697.000000 -1697.0000  0.00%     -    0s

Explored 0 nodes (1716 simplex iterations) in 0.26 seconds
Thread count was 4 (of 4 available processors)

Solution count 1: -1697 

Optimal solution found (tolerance 1.00e-04)
Best objective -1.697000000000e+03, best bound -1.697000000000e+03, gap 0.0000%
Optimize a model with 1098 rows, 17955 columns and 46466 nonzeros
Variable types: 0 continuous, 17955 integer (17955 binary)
Coefficient statistics:
  Matrix range     [1e+00, 1e+00]
  Objective range  [1e+00, 1e+03]
  Bounds range     [1e+00, 1e+00]
  RHS range        [1e+00, 1e+00]
Presolve removed 300 rows and 3171 columns
Presolve time: 0.15s
Presolved: 798 rows, 14784 columns, 38499 nonzeros
Variable types: 0 continuous, 14784 integer (14784 binary)

Root relaxation: objective -1.596000e+03, 2042 iterations, 0.10 seconds

    Nodes    |    Current Node    |     Objective Bounds      |     Work
 Expl Unexpl |  Obj  Depth IntInf | Incumbent    BestBd   Gap | It/Node Time

*    0     0               0    -1596.000000 -1596.0000  0.00%     -    0s

Explored 0 nodes (2042 simplex iterations) in 0.31 seconds
Thread count was 4 (of 4 available processors)

Solution count 1: -1596 

Optimal solution found (tolerance 1.00e-04)
Best objective -1.596000000000e+03, best bound -1.596000000000e+03, gap 0.0000%
Optimize a model with 1099 rows, 17955 columns and 47965 nonzeros
Variable types: 0 continuous, 17955 integer (17955 binary)
Coefficient statistics:
  Matrix range     [1e+00, 1e+00]
  Objective range  [1e+00, 1e+03]
  Bounds range     [1e+00, 1e+00]
  RHS range        [1e+00, 1e+00]
Presolve removed 298 rows and 3152 columns
Presolve time: 0.19s
Presolved: 801 rows, 14803 columns, 39884 nonzeros
Variable types: 0 continuous, 14803 integer (14803 binary)

Root relaxation: objective -1.596000e+03, 2034 iterations, 0.09 seconds

    Nodes    |    Current Node    |     Objective Bounds      |     Work
 Expl Unexpl |  Obj  Depth IntInf | Incumbent    BestBd   Gap | It/Node Time

*    0     0               0    -1596.000000 -1596.0000  0.00%     -    0s

Explored 0 nodes (4188 simplex iterations) in 0.37 seconds
Thread count was 4 (of 4 available processors)

Solution count 1: -1596 

Optimal solution found (tolerance 1.00e-04)
Best objective -1.596000000000e+03, best bound -1.596000000000e+03, gap 0.0000%
Optimize a model with 1102 rows, 18300 columns and 53143 nonzeros
Variable types: 0 continuous, 18300 integer (18300 binary)
Coefficient statistics:
  Matrix range     [1e+00, 1e+00]
  Objective range  [1e+00, 1e+03]
  Bounds range     [1e+00, 1e+00]
  RHS range        [1e+00, 1e+00]
Presolve removed 265 rows and 2988 columns
Presolve time: 0.20s
Presolved: 837 rows, 15312 columns, 44653 nonzeros
Variable types: 0 continuous, 15312 integer (15312 binary)

Root relaxation: objective -1.297000e+03, 1021 iterations, 0.07 seconds

    Nodes    |    Current Node    |     Objective Bounds      |     Work
 Expl Unexpl |  Obj  Depth IntInf | Incumbent    BestBd   Gap | It/Node Time

     0     0 -1297.0000    0   19          - -1297.0000      -     -    0s
     0     0 -1297.0000    0    8          - -1297.0000      -     -    0s
     0     0 -796.66667    0   28          - -796.66667      -     -    0s
     0     0 -796.33333    0   28          - -796.33333      -     -    0s
     0     0 -796.33333    0   20          - -796.33333      -     -    1s
H    0     0                    4011.0000000 -796.33333   120%     -    1s
     0     2 -796.33333    0   18 4011.00000 -796.33333   120%     -    2s
*   11     4               5     204.0000000 -696.50000   441%   536    4s
    22     1  -96.85714   14   30  204.00000  -96.85714   147%   323    5s
H   27     1                     -96.0000000  -96.80000  0.83%   266    5s

Cutting planes:
  Clique: 1
  Zero half: 9

Explored 28 nodes (14757 simplex iterations) in 5.60 seconds
Thread count was 4 (of 4 available processors)

Solution count 3: -96 204 4011 

Optimal solution found (tolerance 1.00e-04)
Best objective -9.600000000000e+01, best bound -9.600000000000e+01, gap 0.0000%
Optimize a model with 1096 rows, 18300 columns and 44404 nonzeros
Variable types: 0 continuous, 18300 integer (18300 binary)
Coefficient statistics:
  Matrix range     [1e+00, 1e+00]
  Objective range  [1e+00, 1e+03]
  Bounds range     [1e+00, 1e+00]
  RHS range        [1e+00, 1e+00]
Presolve removed 270 rows and 2435 columns
Presolve time: 0.21s
Presolved: 826 rows, 15865 columns, 38531 nonzeros
Variable types: 0 continuous, 15865 integer (15865 binary)
Found heuristic solution: objective -1096.000000

Root relaxation: objective -1.798000e+03, 1991 iterations, 0.07 seconds

    Nodes    |    Current Node    |     Objective Bounds      |     Work
 Expl Unexpl |  Obj  Depth IntInf | Incumbent    BestBd   Gap | It/Node Time

*    0     0               0    -1798.000000 -1798.0000  0.00%     -    0s

Explored 0 nodes (1991 simplex iterations) in 0.34 seconds
Thread count was 4 (of 4 available processors)

Solution count 2: -1798 -1096 

Optimal solution found (tolerance 1.00e-04)
Best objective -1.798000000000e+03, best bound -1.798000000000e+03, gap 0.0000%
Optimize a model with 1097 rows, 18300 columns and 45708 nonzeros
Variable types: 0 continuous, 18300 integer (18300 binary)
Coefficient statistics:
  Matrix range     [1e+00, 1e+00]
  Objective range  [1e+00, 1e+03]
  Bounds range     [1e+00, 1e+00]
  RHS range        [1e+00, 1e+00]
Presolve removed 269 rows and 2482 columns
Presolve time: 0.19s
Presolved: 828 rows, 15818 columns, 39575 nonzeros
Variable types: 0 continuous, 15818 integer (15818 binary)

Root relaxation: objective -1.698000e+03, 1888 iterations, 0.07 seconds

    Nodes    |    Current Node    |     Objective Bounds      |     Work
 Expl Unexpl |  Obj  Depth IntInf | Incumbent    BestBd   Gap | It/Node Time

*    0     0               0    -1698.000000 -1698.0000  0.00%     -    0s

Explored 0 nodes (1888 simplex iterations) in 0.33 seconds
Thread count was 4 (of 4 available processors)

Solution count 1: -1698 

Optimal solution found (tolerance 1.00e-04)
Best objective -1.698000000000e+03, best bound -1.698000000000e+03, gap 0.0000%
Optimize a model with 1098 rows, 18300 columns and 47156 nonzeros
Variable types: 0 continuous, 18300 integer (18300 binary)
Coefficient statistics:
  Matrix range     [1e+00, 1e+00]
  Objective range  [1e+00, 1e+03]
  Bounds range     [1e+00, 1e+00]
  RHS range        [1e+00, 1e+00]
Presolve removed 269 rows and 2602 columns
Presolve time: 0.16s
Presolved: 829 rows, 15698 columns, 40551 nonzeros
Variable types: 0 continuous, 15698 integer (15698 binary)
Found heuristic solution: objective -1093.000000

Root relaxation: objective -1.597000e+03, 1645 iterations, 0.05 seconds

    Nodes    |    Current Node    |     Objective Bounds      |     Work
 Expl Unexpl |  Obj  Depth IntInf | Incumbent    BestBd   Gap | It/Node Time

*    0     0               0    -1597.000000 -1597.0000  0.00%     -    0s

Explored 0 nodes (1645 simplex iterations) in 0.28 seconds
Thread count was 4 (of 4 available processors)

Solution count 2: -1597 -1093 

Optimal solution found (tolerance 1.00e-04)
Best objective -1.597000000000e+03, best bound -1.597000000000e+03, gap 0.0000%
Optimize a model with 1099 rows, 18300 columns and 48655 nonzeros
Variable types: 0 continuous, 18300 integer (18300 binary)
Coefficient statistics:
  Matrix range     [1e+00, 1e+00]
  Objective range  [1e+00, 1e+03]
  Bounds range     [1e+00, 1e+00]
  RHS range        [1e+00, 1e+00]
Presolve removed 265 rows and 2552 columns
Presolve time: 0.17s
Presolved: 834 rows, 15748 columns, 42009 nonzeros
Variable types: 0 continuous, 15748 integer (15748 binary)
Found heuristic solution: objective -1093.000000

Root relaxation: objective -1.597000e+03, 2077 iterations, 0.07 seconds

    Nodes    |    Current Node    |     Objective Bounds      |     Work
 Expl Unexpl |  Obj  Depth IntInf | Incumbent    BestBd   Gap | It/Node Time

*    0     0               0    -1597.000000 -1597.0000  0.00%     -    0s

Explored 0 nodes (2096 simplex iterations) in 0.33 seconds
Thread count was 4 (of 4 available processors)

Solution count 2: -1597 -1093 

Optimal solution found (tolerance 1.00e-04)
Best objective -1.597000000000e+03, best bound -1.597000000000e+03, gap 0.0000%

Gurobi 8.0.1 (win64, Python) logging started 08/27/19 14:18:46


--------------------------------------------
Warning: your license will expire in 10 days
--------------------------------------------

Academic license - for non-commercial use only

Gurobi 8.0.1 (win64, Python) logging started 08/27/19 14:20:40


--------------------------------------------
Warning: your license will expire in 10 days
--------------------------------------------

Academic license - for non-commercial use only
Optimize a model with 1102 rows, 18300 columns and 53143 nonzeros
Variable types: 0 continuous, 18300 integer (18300 binary)
Coefficient statistics:
  Matrix range     [1e+00, 1e+00]
  Objective range  [1e+00, 1e+03]
  Bounds range     [1e+00, 1e+00]
  RHS range        [1e+00, 1e+00]
Presolve removed 265 rows and 2988 columns
Presolve time: 0.27s
Presolved: 837 rows, 15312 columns, 44653 nonzeros
Variable types: 0 continuous, 15312 integer (15312 binary)

Root relaxation: objective -1.297000e+03, 1021 iterations, 0.08 seconds

    Nodes    |    Current Node    |     Objective Bounds      |     Work
 Expl Unexpl |  Obj  Depth IntInf | Incumbent    BestBd   Gap | It/Node Time

     0     0 -1297.0000    0   19          - -1297.0000      -     -    0s
     0     0 -1297.0000    0    8          - -1297.0000      -     -    0s
     0     0 -796.66667    0   28          - -796.66667      -     -    0s
     0     0 -796.33333    0   28          - -796.33333      -     -    0s
     0     0 -796.33333    0   20          - -796.33333      -     -    1s
H    0     0                    4011.0000000 -796.33333   120%     -    2s
     0     2 -796.33333    0   18 4011.00000 -796.33333   120%     -    2s
*   11     4               5     204.0000000 -696.50000   441%   536    4s
    20     1 -696.16667   12   30  204.00000 -696.16667   441%   338    5s
H   27     1                     -96.0000000  -96.80000  0.83%   266    5s

Cutting planes:
  Clique: 1
  Zero half: 9

Explored 28 nodes (14757 simplex iterations) in 5.58 seconds
Thread count was 4 (of 4 available processors)

Solution count 3: -96 204 4011 

Optimal solution found (tolerance 1.00e-04)
Best objective -9.600000000000e+01, best bound -9.600000000000e+01, gap 0.0000%
Optimize a model with 1096 rows, 18300 columns and 44404 nonzeros
Variable types: 0 continuous, 18300 integer (18300 binary)
Coefficient statistics:
  Matrix range     [1e+00, 1e+00]
  Objective range  [1e+00, 1e+03]
  Bounds range     [1e+00, 1e+00]
  RHS range        [1e+00, 1e+00]
Presolve removed 270 rows and 2435 columns
Presolve time: 0.20s
Presolved: 826 rows, 15865 columns, 38531 nonzeros
Variable types: 0 continuous, 15865 integer (15865 binary)
Found heuristic solution: objective -1096.000000

Root relaxation: objective -1.798000e+03, 1991 iterations, 0.07 seconds

    Nodes    |    Current Node    |     Objective Bounds      |     Work
 Expl Unexpl |  Obj  Depth IntInf | Incumbent    BestBd   Gap | It/Node Time

*    0     0               0    -1798.000000 -1798.0000  0.00%     -    0s

Explored 0 nodes (1991 simplex iterations) in 0.35 seconds
Thread count was 4 (of 4 available processors)

Solution count 2: -1798 -1096 

Optimal solution found (tolerance 1.00e-04)
Best objective -1.798000000000e+03, best bound -1.798000000000e+03, gap 0.0000%
Optimize a model with 1097 rows, 18300 columns and 45708 nonzeros
Variable types: 0 continuous, 18300 integer (18300 binary)
Coefficient statistics:
  Matrix range     [1e+00, 1e+00]
  Objective range  [1e+00, 1e+03]
  Bounds range     [1e+00, 1e+00]
  RHS range        [1e+00, 1e+00]
Presolve removed 269 rows and 2482 columns
Presolve time: 0.16s
Presolved: 828 rows, 15818 columns, 39575 nonzeros
Variable types: 0 continuous, 15818 integer (15818 binary)

Root relaxation: objective -1.698000e+03, 1888 iterations, 0.07 seconds

    Nodes    |    Current Node    |     Objective Bounds      |     Work
 Expl Unexpl |  Obj  Depth IntInf | Incumbent    BestBd   Gap | It/Node Time

*    0     0               0    -1698.000000 -1698.0000  0.00%     -    0s

Explored 0 nodes (1888 simplex iterations) in 0.29 seconds
Thread count was 4 (of 4 available processors)

Solution count 1: -1698 

Optimal solution found (tolerance 1.00e-04)
Best objective -1.698000000000e+03, best bound -1.698000000000e+03, gap 0.0000%
Optimize a model with 1098 rows, 18300 columns and 47156 nonzeros
Variable types: 0 continuous, 18300 integer (18300 binary)
Coefficient statistics:
  Matrix range     [1e+00, 1e+00]
  Objective range  [1e+00, 1e+03]
  Bounds range     [1e+00, 1e+00]
  RHS range        [1e+00, 1e+00]
Presolve removed 269 rows and 2602 columns
Presolve time: 0.18s
Presolved: 829 rows, 15698 columns, 40551 nonzeros
Variable types: 0 continuous, 15698 integer (15698 binary)
Found heuristic solution: objective -1093.000000

Root relaxation: objective -1.597000e+03, 1645 iterations, 0.07 seconds

    Nodes    |    Current Node    |     Objective Bounds      |     Work
 Expl Unexpl |  Obj  Depth IntInf | Incumbent    BestBd   Gap | It/Node Time

*    0     0               0    -1597.000000 -1597.0000  0.00%     -    0s

Explored 0 nodes (1645 simplex iterations) in 0.32 seconds
Thread count was 4 (of 4 available processors)

Solution count 2: -1597 -1093 

Optimal solution found (tolerance 1.00e-04)
Best objective -1.597000000000e+03, best bound -1.597000000000e+03, gap 0.0000%
Optimize a model with 1099 rows, 18300 columns and 48655 nonzeros
Variable types: 0 continuous, 18300 integer (18300 binary)
Coefficient statistics:
  Matrix range     [1e+00, 1e+00]
  Objective range  [1e+00, 1e+03]
  Bounds range     [1e+00, 1e+00]
  RHS range        [1e+00, 1e+00]
Presolve removed 265 rows and 2552 columns
Presolve time: 0.22s
Presolved: 834 rows, 15748 columns, 42009 nonzeros
Variable types: 0 continuous, 15748 integer (15748 binary)
Found heuristic solution: objective -1093.000000

Root relaxation: objective -1.597000e+03, 2077 iterations, 0.08 seconds

    Nodes    |    Current Node    |     Objective Bounds      |     Work
 Expl Unexpl |  Obj  Depth IntInf | Incumbent    BestBd   Gap | It/Node Time

*    0     0               0    -1597.000000 -1597.0000  0.00%     -    0s

Explored 0 nodes (2096 simplex iterations) in 0.38 seconds
Thread count was 4 (of 4 available processors)

Solution count 2: -1597 -1093 

Optimal solution found (tolerance 1.00e-04)
Best objective -1.597000000000e+03, best bound -1.597000000000e+03, gap 0.0000%
Optimize a model with 1102 rows, 18300 columns and 53143 nonzeros
Variable types: 0 continuous, 18300 integer (18300 binary)
Coefficient statistics:
  Matrix range     [1e+00, 1e+00]
  Objective range  [1e+00, 1e+03]
  Bounds range     [1e+00, 1e+00]
  RHS range        [1e+00, 1e+00]
Presolve removed 265 rows and 2988 columns
Presolve time: 0.20s
Presolved: 837 rows, 15312 columns, 44653 nonzeros
Variable types: 0 continuous, 15312 integer (15312 binary)

Root relaxation: objective -1.297000e+03, 1021 iterations, 0.07 seconds

    Nodes    |    Current Node    |     Objective Bounds      |     Work
 Expl Unexpl |  Obj  Depth IntInf | Incumbent    BestBd   Gap | It/Node Time

     0     0 -1297.0000    0   19          - -1297.0000      -     -    0s
     0     0 -1297.0000    0    8          - -1297.0000      -     -    0s
     0     0 -796.66667    0   28          - -796.66667      -     -    0s
     0     0 -796.33333    0   28          - -796.33333      -     -    0s
     0     0 -796.33333    0   20          - -796.33333      -     -    1s
H    0     0                    4011.0000000 -796.33333   120%     -    1s
     0     2 -796.33333    0   18 4011.00000 -796.33333   120%     -    2s
*   11     4               5     204.0000000 -696.50000   441%   536    4s
    22     1  -96.85714   14   30  204.00000  -96.85714   147%   323    5s
H   27     1                     -96.0000000  -96.80000  0.83%   266    5s

Cutting planes:
  Clique: 1
  Zero half: 9

Explored 28 nodes (14757 simplex iterations) in 5.42 seconds
Thread count was 4 (of 4 available processors)

Solution count 3: -96 204 4011 

Optimal solution found (tolerance 1.00e-04)
Best objective -9.600000000000e+01, best bound -9.600000000000e+01, gap 0.0000%
Optimize a model with 1096 rows, 18300 columns and 44404 nonzeros
Variable types: 0 continuous, 18300 integer (18300 binary)
Coefficient statistics:
  Matrix range     [1e+00, 1e+00]
  Objective range  [1e+00, 1e+03]
  Bounds range     [1e+00, 1e+00]
  RHS range        [1e+00, 1e+00]
Presolve removed 270 rows and 2435 columns
Presolve time: 0.15s
Presolved: 826 rows, 15865 columns, 38531 nonzeros
Variable types: 0 continuous, 15865 integer (15865 binary)
Found heuristic solution: objective -1096.000000

Root relaxation: objective -1.798000e+03, 1991 iterations, 0.07 seconds

    Nodes    |    Current Node    |     Objective Bounds      |     Work
 Expl Unexpl |  Obj  Depth IntInf | Incumbent    BestBd   Gap | It/Node Time

*    0     0               0    -1798.000000 -1798.0000  0.00%     -    0s

Explored 0 nodes (1991 simplex iterations) in 0.28 seconds
Thread count was 4 (of 4 available processors)

Solution count 2: -1798 -1096 

Optimal solution found (tolerance 1.00e-04)
Best objective -1.798000000000e+03, best bound -1.798000000000e+03, gap 0.0000%
Optimize a model with 1097 rows, 18300 columns and 45708 nonzeros
Variable types: 0 continuous, 18300 integer (18300 binary)
Coefficient statistics:
  Matrix range     [1e+00, 1e+00]
  Objective range  [1e+00, 1e+03]
  Bounds range     [1e+00, 1e+00]
  RHS range        [1e+00, 1e+00]
Presolve removed 269 rows and 2482 columns
Presolve time: 0.19s
Presolved: 828 rows, 15818 columns, 39575 nonzeros
Variable types: 0 continuous, 15818 integer (15818 binary)

Root relaxation: objective -1.698000e+03, 1888 iterations, 0.07 seconds

    Nodes    |    Current Node    |     Objective Bounds      |     Work
 Expl Unexpl |  Obj  Depth IntInf | Incumbent    BestBd   Gap | It/Node Time

*    0     0               0    -1698.000000 -1698.0000  0.00%     -    0s

Explored 0 nodes (1888 simplex iterations) in 0.35 seconds
Thread count was 4 (of 4 available processors)

Solution count 1: -1698 

Optimal solution found (tolerance 1.00e-04)
Best objective -1.698000000000e+03, best bound -1.698000000000e+03, gap 0.0000%
Optimize a model with 1098 rows, 18300 columns and 47156 nonzeros
Variable types: 0 continuous, 18300 integer (18300 binary)
Coefficient statistics:
  Matrix range     [1e+00, 1e+00]
  Objective range  [1e+00, 1e+03]
  Bounds range     [1e+00, 1e+00]
  RHS range        [1e+00, 1e+00]
Presolve removed 269 rows and 2602 columns
Presolve time: 0.15s
Presolved: 829 rows, 15698 columns, 40551 nonzeros
Variable types: 0 continuous, 15698 integer (15698 binary)
Found heuristic solution: objective -1093.000000

Root relaxation: objective -1.597000e+03, 1645 iterations, 0.06 seconds

    Nodes    |    Current Node    |     Objective Bounds      |     Work
 Expl Unexpl |  Obj  Depth IntInf | Incumbent    BestBd   Gap | It/Node Time

*    0     0               0    -1597.000000 -1597.0000  0.00%     -    0s

Explored 0 nodes (1645 simplex iterations) in 0.29 seconds
Thread count was 4 (of 4 available processors)

Solution count 2: -1597 -1093 

Optimal solution found (tolerance 1.00e-04)
Best objective -1.597000000000e+03, best bound -1.597000000000e+03, gap 0.0000%
Optimize a model with 1099 rows, 18300 columns and 48655 nonzeros
Variable types: 0 continuous, 18300 integer (18300 binary)
Coefficient statistics:
  Matrix range     [1e+00, 1e+00]
  Objective range  [1e+00, 1e+03]
  Bounds range     [1e+00, 1e+00]
  RHS range        [1e+00, 1e+00]
Presolve removed 265 rows and 2552 columns
Presolve time: 0.21s
Presolved: 834 rows, 15748 columns, 42009 nonzeros
Variable types: 0 continuous, 15748 integer (15748 binary)
Found heuristic solution: objective -1093.000000

Root relaxation: objective -1.597000e+03, 2077 iterations, 0.07 seconds

    Nodes    |    Current Node    |     Objective Bounds      |     Work
 Expl Unexpl |  Obj  Depth IntInf | Incumbent    BestBd   Gap | It/Node Time

*    0     0               0    -1597.000000 -1597.0000  0.00%     -    0s

Explored 0 nodes (2096 simplex iterations) in 0.37 seconds
Thread count was 4 (of 4 available processors)

Solution count 2: -1597 -1093 

Optimal solution found (tolerance 1.00e-04)
Best objective -1.597000000000e+03, best bound -1.597000000000e+03, gap 0.0000%
Optimize a model with 1102 rows, 18300 columns and 53143 nonzeros
Variable types: 0 continuous, 18300 integer (18300 binary)
Coefficient statistics:
  Matrix range     [1e+00, 1e+00]
  Objective range  [1e+00, 1e+03]
  Bounds range     [1e+00, 1e+00]
  RHS range        [1e+00, 1e+00]
Presolve removed 265 rows and 2988 columns
Presolve time: 0.16s
Presolved: 837 rows, 15312 columns, 44653 nonzeros
Variable types: 0 continuous, 15312 integer (15312 binary)

Root relaxation: objective -1.297000e+03, 1021 iterations, 0.05 seconds

    Nodes    |    Current Node    |     Objective Bounds      |     Work
 Expl Unexpl |  Obj  Depth IntInf | Incumbent    BestBd   Gap | It/Node Time

     0     0 -1297.0000    0   19          - -1297.0000      -     -    0s
     0     0 -1297.0000    0    8          - -1297.0000      -     -    0s
     0     0 -796.66667    0   28          - -796.66667      -     -    0s
     0     0 -796.33333    0   28          - -796.33333      -     -    0s
     0     0 -796.33333    0   20          - -796.33333      -     -    1s
H    0     0                    4011.0000000 -796.33333   120%     -    1s
     0     2 -796.33333    0   18 4011.00000 -796.33333   120%     -    2s
*   11     4               5     204.0000000 -696.50000   441%   536    3s
    24     1  -96.80000   16   43  204.00000  -96.80000   147%   299    5s
H   27     1                     -96.0000000  -96.80000  0.83%   266    5s

Cutting planes:
  Clique: 1
  Zero half: 9

Explored 28 nodes (14757 simplex iterations) in 5.19 seconds
Thread count was 4 (of 4 available processors)

Solution count 3: -96 204 4011 

Optimal solution found (tolerance 1.00e-04)
Best objective -9.600000000000e+01, best bound -9.600000000000e+01, gap 0.0000%
Optimize a model with 1096 rows, 18300 columns and 44404 nonzeros
Variable types: 0 continuous, 18300 integer (18300 binary)
Coefficient statistics:
  Matrix range     [1e+00, 1e+00]
  Objective range  [1e+00, 1e+03]
  Bounds range     [1e+00, 1e+00]
  RHS range        [1e+00, 1e+00]
Presolve removed 270 rows and 2435 columns
Presolve time: 0.15s
Presolved: 826 rows, 15865 columns, 38531 nonzeros
Variable types: 0 continuous, 15865 integer (15865 binary)
Found heuristic solution: objective -1096.000000

Root relaxation: objective -1.798000e+03, 1991 iterations, 0.07 seconds

    Nodes    |    Current Node    |     Objective Bounds      |     Work
 Expl Unexpl |  Obj  Depth IntInf | Incumbent    BestBd   Gap | It/Node Time

*    0     0               0    -1798.000000 -1798.0000  0.00%     -    0s

Explored 0 nodes (1991 simplex iterations) in 0.29 seconds
Thread count was 4 (of 4 available processors)

Solution count 2: -1798 -1096 

Optimal solution found (tolerance 1.00e-04)
Best objective -1.798000000000e+03, best bound -1.798000000000e+03, gap 0.0000%
Optimize a model with 1097 rows, 18300 columns and 45708 nonzeros
Variable types: 0 continuous, 18300 integer (18300 binary)
Coefficient statistics:
  Matrix range     [1e+00, 1e+00]
  Objective range  [1e+00, 1e+03]
  Bounds range     [1e+00, 1e+00]
  RHS range        [1e+00, 1e+00]
Presolve removed 269 rows and 2482 columns
Presolve time: 0.18s
Presolved: 828 rows, 15818 columns, 39575 nonzeros
Variable types: 0 continuous, 15818 integer (15818 binary)

Root relaxation: objective -1.698000e+03, 1888 iterations, 0.08 seconds

    Nodes    |    Current Node    |     Objective Bounds      |     Work
 Expl Unexpl |  Obj  Depth IntInf | Incumbent    BestBd   Gap | It/Node Time

*    0     0               0    -1698.000000 -1698.0000  0.00%     -    0s

Explored 0 nodes (1888 simplex iterations) in 0.33 seconds
Thread count was 4 (of 4 available processors)

Solution count 1: -1698 

Optimal solution found (tolerance 1.00e-04)
Best objective -1.698000000000e+03, best bound -1.698000000000e+03, gap 0.0000%
Optimize a model with 1098 rows, 18300 columns and 47156 nonzeros
Variable types: 0 continuous, 18300 integer (18300 binary)
Coefficient statistics:
  Matrix range     [1e+00, 1e+00]
  Objective range  [1e+00, 1e+03]
  Bounds range     [1e+00, 1e+00]
  RHS range        [1e+00, 1e+00]
Presolve removed 269 rows and 2602 columns
Presolve time: 0.15s
Presolved: 829 rows, 15698 columns, 40551 nonzeros
Variable types: 0 continuous, 15698 integer (15698 binary)
Found heuristic solution: objective -1093.000000

Root relaxation: objective -1.597000e+03, 1645 iterations, 0.05 seconds

    Nodes    |    Current Node    |     Objective Bounds      |     Work
 Expl Unexpl |  Obj  Depth IntInf | Incumbent    BestBd   Gap | It/Node Time

*    0     0               0    -1597.000000 -1597.0000  0.00%     -    0s

Explored 0 nodes (1645 simplex iterations) in 0.27 seconds
Thread count was 4 (of 4 available processors)

Solution count 2: -1597 -1093 

Optimal solution found (tolerance 1.00e-04)
Best objective -1.597000000000e+03, best bound -1.597000000000e+03, gap 0.0000%
Optimize a model with 1099 rows, 18300 columns and 48655 nonzeros
Variable types: 0 continuous, 18300 integer (18300 binary)
Coefficient statistics:
  Matrix range     [1e+00, 1e+00]
  Objective range  [1e+00, 1e+03]
  Bounds range     [1e+00, 1e+00]
  RHS range        [1e+00, 1e+00]
Presolve removed 265 rows and 2552 columns
Presolve time: 0.17s
Presolved: 834 rows, 15748 columns, 42009 nonzeros
Variable types: 0 continuous, 15748 integer (15748 binary)
Found heuristic solution: objective -1093.000000

Root relaxation: objective -1.597000e+03, 2077 iterations, 0.08 seconds

    Nodes    |    Current Node    |     Objective Bounds      |     Work
 Expl Unexpl |  Obj  Depth IntInf | Incumbent    BestBd   Gap | It/Node Time

*    0     0               0    -1597.000000 -1597.0000  0.00%     -    0s

Explored 0 nodes (2096 simplex iterations) in 0.32 seconds
Thread count was 4 (of 4 available processors)

Solution count 2: -1597 -1093 

Optimal solution found (tolerance 1.00e-04)
Best objective -1.597000000000e+03, best bound -1.597000000000e+03, gap 0.0000%
